TN:
SF:E:\Nuno\ISEP\3o ano\1o Semestre\ARQSI\It1\Client\src\polyfills.ts
FNF:0
FNH:0
LF:0
LH:0
BRF:0
BRH:0
end_of_record
TN:
SF:E:\Nuno\ISEP\3o ano\1o Semestre\ARQSI\It1\Client\src\test.ts
FNF:0
FNH:0
DA:13,1
DA:18,1
DA:20,1
LF:3
LH:3
BRF:0
BRH:0
end_of_record
TN:
SF:E:\Nuno\ISEP\3o ano\1o Semestre\ARQSI\It1\Client\src\app\aggregation.service.ts
FN:14,(anonymous_0)
FN:42,AggregationService
FN:17,(anonymous_2)
FN:20,(anonymous_3)
FN:24,(anonymous_4)
FN:29,(anonymous_5)
FN:34,(anonymous_6)
FN:38,(anonymous_7)
FN:44,(anonymous_8)
FN:45,(anonymous_9)
FNF:10
FNH:4
FNDA:1,(anonymous_0)
FNDA:3,AggregationService
FNDA:1,(anonymous_2)
FNDA:0,(anonymous_3)
FNDA:1,(anonymous_4)
FNDA:0,(anonymous_5)
FNDA:0,(anonymous_6)
FNDA:0,(anonymous_7)
FNDA:0,(anonymous_8)
FNDA:0,(anonymous_9)
DA:6,1
DA:14,1
DA:15,3
DA:17,1
DA:20,1
DA:21,1
DA:24,1
DA:25,1
DA:26,1
DA:29,1
DA:30,0
DA:31,0
DA:34,1
DA:35,0
DA:38,1
DA:39,0
DA:42,3
DA:44,1
DA:45,0
DA:48,0
DA:51,0
DA:54,1
LF:22
LH:15
BRDA:44,0,0,0
BRDA:44,0,1,0
BRF:2
BRH:0
end_of_record
TN:
SF:E:\Nuno\ISEP\3o ano\1o Semestre\ARQSI\It1\Client\src\app\aggregation.ts
FN:1,(anonymous_0)
FNF:1
FNH:1
FNDA:1,(anonymous_0)
DA:1,1
DA:6,1
LF:2
LH:2
BRF:0
BRH:0
end_of_record
TN:
SF:E:\Nuno\ISEP\3o ano\1o Semestre\ARQSI\It1\Client\src\app\app-routing.module.ts
FN:24,(anonymous_0)
FNF:1
FNH:1
FNDA:4,(anonymous_0)
DA:10,1
DA:24,1
LF:2
LH:2
BRF:0
BRH:0
end_of_record
TN:
SF:E:\Nuno\ISEP\3o ano\1o Semestre\ARQSI\It1\Client\src\app\app.component.ts
FN:8,(anonymous_0)
FN:3,AppComponent
FNF:2
FNH:1
FNDA:1,(anonymous_0)
FNDA:0,AppComponent
DA:8,1
DA:9,0
DA:10,1
LF:3
LH:2
BRF:0
BRH:0
end_of_record
TN:
SF:E:\Nuno\ISEP\3o ano\1o Semestre\ARQSI\It1\Client\src\app\dimension.service.ts
FN:16,(anonymous_0)
FN:44,DimensionService
FN:19,(anonymous_2)
FN:22,(anonymous_3)
FN:26,(anonymous_4)
FN:31,(anonymous_5)
FN:36,(anonymous_6)
FN:40,(anonymous_7)
FN:46,(anonymous_8)
FN:47,(anonymous_9)
FNF:10
FNH:1
FNDA:1,(anonymous_0)
FNDA:0,DimensionService
FNDA:0,(anonymous_2)
FNDA:0,(anonymous_3)
FNDA:0,(anonymous_4)
FNDA:0,(anonymous_5)
FNDA:0,(anonymous_6)
FNDA:0,(anonymous_7)
FNDA:0,(anonymous_8)
FNDA:0,(anonymous_9)
DA:7,1
DA:16,1
DA:17,0
DA:19,1
DA:22,0
DA:23,0
DA:26,1
DA:27,0
DA:28,0
DA:31,1
DA:32,0
DA:33,0
DA:36,1
DA:37,0
DA:40,1
DA:41,0
DA:44,0
DA:46,1
DA:47,0
DA:50,0
DA:53,0
DA:56,1
LF:22
LH:9
BRDA:46,0,0,0
BRDA:46,0,1,0
BRF:2
BRH:0
end_of_record
TN:
SF:E:\Nuno\ISEP\3o ano\1o Semestre\ARQSI\It1\Client\src\app\item.service.ts
FN:14,(anonymous_0)
FN:32,ItemService
FN:17,(anonymous_2)
FN:18,(anonymous_3)
FN:23,(anonymous_4)
FN:28,(anonymous_5)
FN:34,(anonymous_6)
FN:35,(anonymous_7)
FNF:8
FNH:1
FNDA:1,(anonymous_0)
FNDA:0,ItemService
FNDA:0,(anonymous_2)
FNDA:0,(anonymous_3)
FNDA:0,(anonymous_4)
FNDA:0,(anonymous_5)
FNDA:0,(anonymous_6)
FNDA:0,(anonymous_7)
DA:7,1
DA:14,1
DA:15,0
DA:17,1
DA:18,0
DA:20,0
DA:23,1
DA:24,0
DA:25,0
DA:28,1
DA:29,0
DA:32,0
DA:34,1
DA:35,0
DA:38,0
DA:41,0
DA:44,1
LF:17
LH:7
BRDA:34,0,0,0
BRDA:34,0,1,0
BRF:2
BRH:0
end_of_record
TN:
SF:E:\Nuno\ISEP\3o ano\1o Semestre\ARQSI\It1\Client\src\app\product.service.ts
FN:13,(anonymous_0)
FN:40,ProductService
FN:16,(anonymous_2)
FN:22,(anonymous_3)
FN:27,(anonymous_4)
FN:32,(anonymous_5)
FN:36,(anonymous_6)
FN:42,(anonymous_7)
FN:43,(anonymous_8)
FNF:9
FNH:1
FNDA:1,(anonymous_0)
FNDA:0,ProductService
FNDA:0,(anonymous_2)
FNDA:0,(anonymous_3)
FNDA:0,(anonymous_4)
FNDA:0,(anonymous_5)
FNDA:0,(anonymous_6)
FNDA:0,(anonymous_7)
FNDA:0,(anonymous_8)
DA:6,1
DA:13,1
DA:14,0
DA:16,1
DA:19,0
DA:22,1
DA:23,0
DA:24,0
DA:27,1
DA:28,0
DA:29,0
DA:32,1
DA:33,0
DA:36,1
DA:37,0
DA:40,0
DA:42,1
DA:43,0
DA:46,0
DA:49,0
DA:52,1
LF:21
LH:9
BRDA:42,0,0,0
BRDA:42,0,1,0
BRF:2
BRH:0
end_of_record
TN:
SF:E:\Nuno\ISEP\3o ano\1o Semestre\ARQSI\It1\Client\src\app\aggregation\aggregation.component.ts
FN:10,(anonymous_0)
FN:30,AggregationComponent
FN:32,(anonymous_2)
FN:35,(anonymous_3)
FN:36,(anonymous_4)
FN:39,(anonymous_5)
FN:41,(anonymous_6)
FN:44,(anonymous_7)
FN:45,(anonymous_8)
FN:48,(anonymous_9)
FN:56,(anonymous_10)
FN:59,(anonymous_11)
FN:68,(anonymous_12)
FNF:13
FNH:3
FNDA:1,(anonymous_0)
FNDA:3,AggregationComponent
FNDA:3,(anonymous_2)
FNDA:0,(anonymous_3)
FNDA:0,(anonymous_4)
FNDA:0,(anonymous_5)
FNDA:0,(anonymous_6)
FNDA:0,(anonymous_7)
FNDA:0,(anonymous_8)
FNDA:0,(anonymous_9)
FNDA:0,(anonymous_10)
FNDA:0,(anonymous_11)
FNDA:0,(anonymous_12)
DA:10,1
DA:30,3
DA:32,1
DA:35,1
DA:36,0
DA:39,1
DA:41,0
DA:44,1
DA:45,0
DA:48,1
DA:50,0
DA:51,0
DA:54,0
DA:55,0
DA:56,0
DA:59,1
DA:61,0
DA:62,0
DA:65,0
DA:66,0
DA:67,0
DA:68,0
DA:71,1
LF:23
LH:9
BRDA:50,0,0,0
BRDA:50,0,1,0
BRDA:61,1,0,0
BRDA:61,1,1,0
BRF:4
BRH:0
end_of_record
TN:
SF:E:\Nuno\ISEP\3o ano\1o Semestre\ARQSI\It1\Client\src\app\catalogmanager\catalogmanager.component.ts
FN:8,(anonymous_0)
FN:10,CatalogmanagerComponent
FN:12,(anonymous_2)
FNF:3
FNH:1
FNDA:1,(anonymous_0)
FNDA:0,CatalogmanagerComponent
FNDA:0,(anonymous_2)
DA:8,1
DA:12,1
DA:15,1
LF:3
LH:3
BRF:0
BRH:0
end_of_record
TN:
SF:E:\Nuno\ISEP\3o ano\1o Semestre\ARQSI\It1\Client\src\app\client\client.component.ts
FN:8,(anonymous_0)
FN:10,ClientComponent
FN:12,(anonymous_2)
FNF:3
FNH:1
FNDA:1,(anonymous_0)
FNDA:0,ClientComponent
FNDA:0,(anonymous_2)
DA:8,1
DA:12,1
DA:15,1
LF:3
LH:3
BRF:0
BRH:0
end_of_record
TN:
SF:E:\Nuno\ISEP\3o ano\1o Semestre\ARQSI\It1\Client\src\app\dimension\dimension.component.ts
FN:12,(anonymous_0)
FN:32,DimensionComponent
FN:34,(anonymous_2)
FN:37,(anonymous_3)
FN:38,(anonymous_4)
FN:41,(anonymous_5)
FN:43,(anonymous_6)
FN:46,(anonymous_7)
FN:47,(anonymous_8)
FN:50,(anonymous_9)
FN:54,(anonymous_10)
FN:58,(anonymous_11)
FN:63,(anonymous_12)
FNF:13
FNH:1
FNDA:1,(anonymous_0)
FNDA:0,DimensionComponent
FNDA:0,(anonymous_2)
FNDA:0,(anonymous_3)
FNDA:0,(anonymous_4)
FNDA:0,(anonymous_5)
FNDA:0,(anonymous_6)
FNDA:0,(anonymous_7)
FNDA:0,(anonymous_8)
FNDA:0,(anonymous_9)
FNDA:0,(anonymous_10)
FNDA:0,(anonymous_11)
FNDA:0,(anonymous_12)
DA:12,1
DA:32,0
DA:34,1
DA:37,1
DA:38,0
DA:41,1
DA:43,0
DA:46,1
DA:47,0
DA:50,1
DA:52,0
DA:53,0
DA:54,0
DA:58,1
DA:60,0
DA:61,0
DA:62,0
DA:63,0
DA:66,1
LF:19
LH:8
BRF:0
BRH:0
end_of_record
TN:
SF:E:\Nuno\ISEP\3o ano\1o Semestre\ARQSI\It1\Client\src\app\item\item.component.ts
FN:10,(anonymous_0)
FN:25,ItemComponent
FN:28,(anonymous_2)
FN:31,(anonymous_3)
FN:32,(anonymous_4)
FN:35,(anonymous_5)
FN:37,(anonymous_6)
FN:40,(anonymous_7)
FN:45,(anonymous_8)
FNF:9
FNH:1
FNDA:1,(anonymous_0)
FNDA:0,ItemComponent
FNDA:0,(anonymous_2)
FNDA:0,(anonymous_3)
FNDA:0,(anonymous_4)
FNDA:0,(anonymous_5)
FNDA:0,(anonymous_6)
FNDA:0,(anonymous_7)
FNDA:0,(anonymous_8)
DA:10,1
DA:25,0
DA:28,1
DA:31,1
DA:32,0
DA:35,1
DA:37,0
DA:40,1
DA:42,0
DA:43,0
DA:44,0
DA:45,0
DA:47,1
LF:13
LH:6
BRF:0
BRH:0
end_of_record
TN:
SF:E:\Nuno\ISEP\3o ano\1o Semestre\ARQSI\It1\Client\src\app\produto\produto.component.ts
FN:10,(anonymous_0)
FN:32,ProdutoComponent
FN:35,(anonymous_2)
FN:39,(anonymous_3)
FN:40,(anonymous_4)
FN:43,(anonymous_5)
FN:45,(anonymous_6)
FN:48,(anonymous_7)
FN:49,(anonymous_8)
FN:52,(anonymous_9)
FN:56,(anonymous_10)
FN:59,(anonymous_11)
FN:63,(anonymous_12)
FNF:13
FNH:1
FNDA:1,(anonymous_0)
FNDA:0,ProdutoComponent
FNDA:0,(anonymous_2)
FNDA:0,(anonymous_3)
FNDA:0,(anonymous_4)
FNDA:0,(anonymous_5)
FNDA:0,(anonymous_6)
FNDA:0,(anonymous_7)
FNDA:0,(anonymous_8)
FNDA:0,(anonymous_9)
FNDA:0,(anonymous_10)
FNDA:0,(anonymous_11)
FNDA:0,(anonymous_12)
DA:10,1
DA:32,0
DA:35,1
DA:39,1
DA:40,0
DA:43,1
DA:45,0
DA:48,1
DA:49,0
DA:52,1
DA:54,0
DA:55,0
DA:56,0
DA:59,1
DA:61,0
DA:62,0
DA:63,0
DA:66,1
LF:18
LH:8
BRF:0
BRH:0
end_of_record
